<?xml version="1.0" encoding="UTF-8"?>
<!-- Generated by org.testng.reporters.JUnitReportReporter -->
<testsuite hostname="QT-INBG-LT0175" failures="0" tests="1" name="NewTwitter.Tweet.ListWeather" time="3.682" errors="0" timestamp="8 Apr 2021 05:50:24 GMT">
  <testcase classname="NewTwitter.Tweet.ListWeather" name="tweet1" time="3.682"/>
</testsuite> <!-- NewTwitter.Tweet.ListWeather -->
