<?xml version="1.0" encoding="UTF-8"?>
<!-- Generated by org.testng.reporters.JUnitReportReporter -->
<testsuite hostname="QT-INBG-LT0175" failures="0" tests="1" name="NewTwitter.Tweet.SearchTweet" time="3.553" errors="0" timestamp="8 Apr 2021 06:03:41 GMT">
  <testcase classname="NewTwitter.Tweet.SearchTweet" name="tweet1" time="3.553"/>
</testsuite> <!-- NewTwitter.Tweet.SearchTweet -->
