<?xml version="1.0" encoding="UTF-8"?>
<!-- Generated by org.testng.reporters.JUnitReportReporter -->
<testsuite hostname="QT-INBG-LT0175" failures="0" tests="1" name="NewTwitter.Tweet.BlockUser" time="3.779" errors="0" timestamp="8 Apr 2021 05:49:28 GMT">
  <testcase classname="NewTwitter.Tweet.BlockUser" name="block_user" time="3.779"/>
</testsuite> <!-- NewTwitter.Tweet.BlockUser -->
