<?xml version="1.0" encoding="UTF-8"?>
<!-- Generated by org.testng.reporters.JUnitReportReporter -->
<testsuite hostname="QT-INBG-LT0175" failures="0" tests="1" name="NewTwitter.Tweet.CreateNewTweet" time="3.625" errors="0" timestamp="8 Apr 2021 05:49:59 GMT">
  <testcase classname="NewTwitter.Tweet.CreateNewTweet" name="tweet1" time="3.625"/>
</testsuite> <!-- NewTwitter.Tweet.CreateNewTweet -->
