<?xml version="1.0" encoding="UTF-8"?>
<!-- Generated by org.testng.reporters.JUnitReportReporter -->
<testsuite hostname="QT-INBG-LT0175" failures="0" tests="1" name="NewTwitter.Tweet.ListTweetByUser" time="3.623" errors="0" timestamp="8 Apr 2021 05:50:12 GMT">
  <testcase classname="NewTwitter.Tweet.ListTweetByUser" name="getUserTweet" time="3.623"/>
</testsuite> <!-- NewTwitter.Tweet.ListTweetByUser -->
