<?xml version="1.0" encoding="UTF-8"?>
<!-- Generated by org.testng.reporters.JUnitReportReporter -->
<testsuite hostname="QT-INBG-LT0175" failures="0" tests="1" name="NewTwitter.Tweet.UsernameWithText" time="3.652" errors="0" timestamp="8 Apr 2021 05:51:15 GMT">
  <testcase classname="NewTwitter.Tweet.UsernameWithText" name="displayusername_tweet" time="3.652"/>
</testsuite> <!-- NewTwitter.Tweet.UsernameWithText -->
