<?xml version="1.0" encoding="UTF-8"?>
<!-- Generated by org.testng.reporters.JUnitReportReporter -->
<testsuite hostname="QT-INBG-LT0175" failures="0" tests="4" name="NewTwitter.Tweet.TrendHashtag" time="5.454" errors="0" timestamp="8 Apr 2021 05:50:54 GMT">
  <testcase classname="NewTwitter.Tweet.TrendHashtag" name="trending_HashTag" time="0.558"/>
  <testcase classname="NewTwitter.Tweet.TrendHashtag" name="trending_HashTag" time="0.529"/>
  <testcase classname="NewTwitter.Tweet.TrendHashtag" name="trending_HashTag" time="0.603"/>
  <testcase classname="NewTwitter.Tweet.TrendHashtag" name="trending_HashTag" time="3.764"/>
</testsuite> <!-- NewTwitter.Tweet.TrendHashtag -->
