<?xml version="1.0" encoding="UTF-8"?>
<!-- Generated by org.testng.reporters.JUnitReportReporter -->
<testsuite hostname="QT-INBG-LT0175" failures="0" tests="1" name="NewTwitter.Tweet.AppTest" time="0.003" errors="0" timestamp="6 Apr 2021 05:34:32 GMT">
  <testcase classname="NewTwitter.Tweet.AppTest" name="shouldAnswerWithTrue" time="0.003"/>
</testsuite> <!-- NewTwitter.Tweet.AppTest -->
